2022-05-20 23:40:11,168 INFO d.AccountDaoDatabaseImpl [main] Entered into createAccount() in Dao Layer...
2022-05-20 23:46:11,743 INFO d.AccountDaoDatabaseImpl [main] Entered into createAccount() in Dao Layer...
2022-05-20 23:46:11,820 INFO d.AccountDaoDatabaseImpl [main] Exited createAccount() in Dao...
2022-05-20 23:56:21,059 INFO d.AccountDaoDatabaseImpl [main] Entered into createAccount() in Dao Layer...
2022-05-20 23:56:21,142 INFO d.AccountDaoDatabaseImpl [main] Exited createAccount() in Dao...
2022-05-21 00:25:36,457 INFO d.AccountDaoDatabaseImpl [main] Entered into createAccount() in Dao Layer...
2022-05-21 00:25:36,561 INFO d.AccountDaoDatabaseImpl [main] Exited createAccount() in Dao...
2022-05-21 00:31:35,514 INFO d.AccountDaoDatabaseImpl [main] Entered into createAccount() in Dao Layer...
2022-05-21 00:31:35,565 INFO d.AccountDaoDatabaseImpl [main] Exited createAccount() in Dao...
2022-05-21 00:35:02,968 INFO d.AccountDaoDatabaseImpl [main] Entered into viewBalance() in Dao Layer...
2022-05-21 00:35:02,972 INFO d.AccountDaoDatabaseImpl [main] Entered into viewBalance() in Dao Layer...
2022-05-21 00:39:05,641 INFO d.AccountDaoDatabaseImpl [main] Entered into createAccount() in Dao Layer...
2022-05-21 00:39:05,694 INFO d.AccountDaoDatabaseImpl [main] Exited createAccount() in Dao...
2022-05-21 00:53:04,485 INFO d.AccountDaoDatabaseImpl [main] Entered into viewBalance() in Dao Layer...
2022-05-21 00:53:04,532 INFO d.AccountDaoDatabaseImpl [main] Entered into viewBalance() in Dao Layer...
2022-05-21 00:53:43,152 INFO d.AccountDaoDatabaseImpl [main] Entered into viewBalance() in Dao Layer...
2022-05-21 00:53:43,153 INFO d.AccountDaoDatabaseImpl [main] Entered into viewBalance() in Dao Layer...
2022-05-21 00:56:14,249 INFO d.AccountDaoDatabaseImpl [main] Entered into viewBalance() in Dao Layer...
2022-05-21 00:56:14,313 INFO d.AccountDaoDatabaseImpl [main] Entered into viewBalance() in Dao Layer...
2022-05-21 01:00:02,910 INFO d.AccountDaoDatabaseImpl [main] Entered into viewBalance() in Dao Layer...
2022-05-21 01:00:02,915 INFO d.AccountDaoDatabaseImpl [main] Entered into viewBalance() in Dao Layer...
2022-05-21 01:00:08,658 INFO d.AccountDaoDatabaseImpl [main] Entered into deposit() in Dao Layer...
2022-05-21 01:00:08,734 INFO d.AccountDaoDatabaseImpl [main] Entered into deposit() in Dao Layer...
2022-05-21 01:02:46,669 INFO d.AccountDaoDatabaseImpl [main] Entered into viewBalance() in Dao Layer...
2022-05-21 01:02:46,675 INFO d.AccountDaoDatabaseImpl [main] Entered into viewBalance() in Dao Layer...
2022-05-21 01:03:43,373 INFO d.AccountDaoDatabaseImpl [main] Entered into viewBalance() in Dao Layer...
2022-05-21 01:03:43,374 INFO d.AccountDaoDatabaseImpl [main] Entered into viewBalance() in Dao Layer...
2022-05-21 01:03:44,393 INFO d.AccountDaoDatabaseImpl [main] Entered into withdraw() in Dao Layer...
2022-05-21 01:03:44,434 INFO d.AccountDaoDatabaseImpl [main] Entered into withdraw() in Dao Layer...
2022-05-21 01:04:13,261 INFO d.AccountDaoDatabaseImpl [main] Entered into viewBalance() in Dao Layer...
2022-05-21 01:04:13,285 INFO d.AccountDaoDatabaseImpl [main] Entered into viewBalance() in Dao Layer...
2022-05-21 17:56:31,077 INFO d.AccountDaoDatabaseImpl [main] Entered into createAccount() in Dao Layer...
2022-05-21 17:57:22,069 INFO d.AccountDaoDatabaseImpl [main] Entered into createAccount() in Dao Layer...
2022-05-21 17:57:22,115 INFO d.AccountDaoDatabaseImpl [main] Exited createAccount() in Dao...
2022-05-21 18:01:18,493 INFO d.AccountDaoDatabaseImpl [main] Entered into createAccount() in Dao Layer...
2022-05-21 18:03:06,508 INFO d.AccountDaoDatabaseImpl [main] Entered into createAccount() in Dao Layer...
2022-05-21 18:03:06,555 INFO d.AccountDaoDatabaseImpl [main] Exited createAccount() in Dao...
2022-05-21 18:05:18,233 INFO d.AccountDaoDatabaseImpl [main] Entered into createAccount() in Dao Layer...
2022-05-21 18:07:48,709 INFO d.AccountDaoDatabaseImpl [main] Entered into createAccount() in Dao Layer...
2022-05-21 18:09:20,176 INFO d.AccountDaoDatabaseImpl [main] Entered into createAccount() in Dao Layer...
2022-05-21 18:09:52,696 INFO d.AccountDaoDatabaseImpl [main] Entered into createAccount() in Dao Layer...
2022-05-21 18:12:56,101 INFO d.AccountDaoDatabaseImpl [main] Entered into createAccount() in Dao Layer...
2022-05-21 18:17:14,860 INFO d.AccountDaoDatabaseImpl [main] Entered into createAccount() in Dao Layer...
2022-05-21 18:19:00,639 INFO d.AccountDaoDatabaseImpl [main] Entered into createAccount() in Dao Layer...
2022-05-21 18:20:44,187 INFO d.AccountDaoDatabaseImpl [main] Entered into createAccount() in Dao Layer...
2022-05-21 18:22:54,554 INFO d.AccountDaoDatabaseImpl [main] Entered into viewBalance() in Dao Layer...
2022-05-21 18:22:54,556 INFO d.AccountDaoDatabaseImpl [main] Entered into viewBalance() in Dao Layer...
2022-05-21 18:23:00,402 INFO d.AccountDaoDatabaseImpl [main] Entered into deposit() in Dao Layer...
2022-05-21 18:23:00,404 INFO d.AccountDaoDatabaseImpl [main] Entered into deposit() in Dao Layer...
2022-05-21 18:23:47,023 INFO d.AccountDaoDatabaseImpl [main] Entered into createAccount() in Dao Layer...
2022-05-23 16:39:41,621 INFO d.AccountDaoDatabaseImpl [main] Entered into viewBalance() in Dao Layer...
2022-05-23 16:39:41,672 INFO d.AccountDaoDatabaseImpl [main] Entered into viewBalance() in Dao Layer...
2022-05-23 16:40:17,376 INFO d.AccountDaoDatabaseImpl [main] Entered into viewBalance() in Dao Layer...
2022-05-23 16:40:17,380 INFO d.AccountDaoDatabaseImpl [main] Entered into viewBalance() in Dao Layer...
2022-05-23 16:40:20,209 INFO d.AccountDaoDatabaseImpl [main] Entered into deposit() in Dao Layer...
2022-05-23 16:40:20,215 INFO d.AccountDaoDatabaseImpl [main] Entered into deposit() in Dao Layer...
2022-05-23 16:43:11,640 INFO d.AccountDaoDatabaseImpl [main] Entered into viewBalance() in Dao Layer...
2022-05-23 16:43:11,642 INFO d.AccountDaoDatabaseImpl [main] Entered into viewBalance() in Dao Layer...
2022-05-23 16:43:16,060 INFO d.AccountDaoDatabaseImpl [main] Entered into deposit() in Dao Layer...
2022-05-23 16:43:16,063 INFO d.AccountDaoDatabaseImpl [main] Entered into deposit() in Dao Layer...
2022-05-23 16:47:17,596 INFO d.AccountDaoDatabaseImpl [main] Entered into viewBalance() in Dao Layer...
2022-05-23 16:47:17,598 INFO d.AccountDaoDatabaseImpl [main] Entered into viewBalance() in Dao Layer...
2022-05-23 16:47:22,289 INFO d.AccountDaoDatabaseImpl [main] Entered into withdraw() in Dao Layer...
2022-05-23 16:47:22,292 INFO d.AccountDaoDatabaseImpl [main] Entered into withdraw() in Dao Layer...
2022-05-23 16:48:43,919 INFO d.AccountDaoDatabaseImpl [main] Entered into viewBalance() in Dao Layer...
2022-05-23 16:48:43,926 INFO d.AccountDaoDatabaseImpl [main] Entered into viewBalance() in Dao Layer...
2022-05-23 22:14:24,406 INFO d.AccountDaoDatabaseImpl [main] Entered into viewBalance() in Dao Layer...
2022-05-23 22:14:24,432 INFO d.AccountDaoDatabaseImpl [main] Entered into viewBalance() in Dao Layer...
2022-05-23 22:14:32,921 INFO d.AccountDaoDatabaseImpl [main] Entered into deposit() in Dao Layer...
2022-05-23 22:14:32,927 INFO d.AccountDaoDatabaseImpl [main] Entered into deposit() in Dao Layer...
2022-05-23 22:20:29,447 INFO d.AccountDaoDatabaseImpl [main] Entered into viewBalance() in Dao Layer...
2022-05-23 22:20:29,451 INFO d.AccountDaoDatabaseImpl [main] Entered into viewBalance() in Dao Layer...
2022-05-23 22:20:32,437 INFO d.AccountDaoDatabaseImpl [main] Entered into deposit() in Dao Layer...
2022-05-23 22:20:32,443 INFO d.AccountDaoDatabaseImpl [main] Entered into deposit() in Dao Layer...
2022-05-23 22:23:44,741 INFO d.AccountDaoDatabaseImpl [main] Entered into viewBalance() in Dao Layer...
2022-05-23 22:23:44,750 INFO d.AccountDaoDatabaseImpl [main] Entered into viewBalance() in Dao Layer...
2022-05-23 22:23:53,921 INFO d.AccountDaoDatabaseImpl [main] Entered into deposit() in Dao Layer...
2022-05-23 22:23:53,924 INFO d.AccountDaoDatabaseImpl [main] Entered into deposit() in Dao Layer...
2022-05-23 22:24:31,546 INFO d.AccountDaoDatabaseImpl [main] Entered into viewBalance() in Dao Layer...
2022-05-23 22:24:31,548 INFO d.AccountDaoDatabaseImpl [main] Entered into viewBalance() in Dao Layer...
2022-05-23 22:24:36,111 INFO d.AccountDaoDatabaseImpl [main] Entered into withdraw() in Dao Layer...
2022-05-23 22:24:36,113 INFO d.AccountDaoDatabaseImpl [main] Entered into withdraw() in Dao Layer...
2022-05-23 22:24:47,391 INFO d.AccountDaoDatabaseImpl [main] Entered into viewBalance() in Dao Layer...
2022-05-23 22:24:47,393 INFO d.AccountDaoDatabaseImpl [main] Entered into viewBalance() in Dao Layer...
2022-05-23 22:25:09,750 INFO d.AccountDaoDatabaseImpl [main] Entered into viewBalance() in Dao Layer...
2022-05-23 22:25:09,752 INFO d.AccountDaoDatabaseImpl [main] Entered into viewBalance() in Dao Layer...
2022-05-23 22:28:45,989 INFO d.AccountDaoDatabaseImpl [main] Entered into viewBalance() in Dao Layer...
2022-05-23 22:28:45,998 INFO d.AccountDaoDatabaseImpl [main] Entered into viewBalance() in Dao Layer...
2022-05-24 17:52:01,849 INFO d.AccountDaoDatabaseImpl [main] Entered into viewBalance() in Dao Layer...
2022-05-24 17:52:01,878 INFO d.AccountDaoDatabaseImpl [main] Entered into viewBalance() in Dao Layer...
2022-05-24 17:52:06,636 INFO d.AccountDaoDatabaseImpl [main] Entered into deposit() in Dao Layer...
2022-05-24 17:52:06,642 INFO d.AccountDaoDatabaseImpl [main] Entered into deposit() in Dao Layer...
2022-05-24 17:53:00,105 INFO d.AccountDaoDatabaseImpl [main] Entered into viewBalance() in Dao Layer...
2022-05-24 17:53:00,117 INFO d.AccountDaoDatabaseImpl [main] Entered into viewBalance() in Dao Layer...
2022-05-24 17:53:05,935 INFO d.AccountDaoDatabaseImpl [main] Entered into withdraw() in Dao Layer...
2022-05-24 17:53:05,940 INFO d.AccountDaoDatabaseImpl [main] Entered into withdraw() in Dao Layer...
2022-05-24 17:53:17,747 INFO d.AccountDaoDatabaseImpl [main] Entered into viewBalance() in Dao Layer...
2022-05-24 17:53:17,749 INFO d.AccountDaoDatabaseImpl [main] Entered into viewBalance() in Dao Layer...
2022-05-24 17:53:31,619 INFO d.AccountDaoDatabaseImpl [main] Entered into viewBalance() in Dao Layer...
2022-05-24 17:53:31,621 INFO d.AccountDaoDatabaseImpl [main] Entered into viewBalance() in Dao Layer...
2022-06-08 01:08:02,513 INFO d.AccountDaoDatabaseImpl [main] Entered into createCustomer() in Dao Layer...
2022-06-08 01:09:17,319 INFO d.AccountDaoDatabaseImpl [main] Entered into createCustomer() in Dao Layer...
2022-06-08 01:12:37,436 INFO d.AccountDaoDatabaseImpl [main] Entered into createCustomer() in Dao Layer...
2022-06-08 01:13:34,167 INFO d.AccountDaoDatabaseImpl [main] Entered into createCustomer() in Dao Layer...
2022-06-08 01:13:34,577 INFO d.AccountDaoDatabaseImpl [main] Entered into createCustomer() in Dao Layer...
2022-06-08 01:15:00,938 INFO d.AccountDaoDatabaseImpl [main] Entered into customerLogin() in Dao Layer...
2022-06-08 01:15:49,855 INFO d.AccountDaoDatabaseImpl [main] Entered into customerLogin() in Dao Layer...
2022-06-08 01:15:50,116 INFO d.AccountDaoDatabaseImpl [main] Entered into customerLogin() in Dao Layer...
2022-06-08 01:16:00,271 INFO d.AccountDaoDatabaseImpl [main] Entered into createAccount() in Dao Layer...
2022-06-08 01:16:00,329 INFO d.AccountDaoDatabaseImpl [main] Entered into createAccount() in Dao Layer...
